<?xml version="1.0" encoding="UTF-8"?>
<!-- Generated by org.testng.reporters.JUnitReportReporter -->
<testsuite hostname="LAPTOP-GG6H1C5M" failures="0" tests="1" name="SeleniumTest" time="1.372" errors="0" timestamp="2024-07-21T12:40:06 COT" skipped="0">
  <testcase classname="SeleniumTest" name="test" time="1.372"/>
</testsuite> <!-- SeleniumTest -->
